Der Buildvorgang wurde am 17.03.2012 12:51:31 gestartet.
     1>Projekt "D:\Users\aheusel\Projects\ndim\ndim\ndim.vcxproj" auf Knoten "2", build Ziel(e).
     1>PrepareForBuild:
         Das Verzeichnis "D:\Users\aheusel\Projects\ndim\Debug\" wird erstellt.
       InitializeBuildStatus:
         "Debug\ndim.unsuccessfulbuild" wird erstellt, da "AlwaysCreate" angegeben wurde.
       ClCompile:
         C:\Program Files (x86)\Microsoft Visual Studio 10.0\VC\bin\CL.exe /c /ZI /nologo /W3 /WX- /Od /Oy- /D WIN32 /D _DEBUG /D _CONSOLE /D _UNICODE /D UNICODE /Gm /EHsc /RTC1 /MDd /GS /fp:precise /Zc:wchar_t /Zc:forScope /Fo"Debug\\" /Fd"Debug\vc100.pdb" /Gd /TP /analyze- /errorReport:prompt ndim.cpp stdafx.cpp
         stdafx.cpp
         ndim.cpp
         Code wird generiert...
       ManifestResourceCompile:
         C:\Program Files (x86)\Microsoft SDKs\Windows\v7.0A\bin\rc.exe /nologo /fo"Debug\ndim.exe.embed.manifest.res" Debug\ndim_manifest.rc 
       Link:
         C:\Program Files (x86)\Microsoft Visual Studio 10.0\VC\bin\link.exe /ERRORREPORT:PROMPT /OUT:"D:\Users\aheusel\Projects\ndim\Debug\ndim.exe" /INCREMENTAL /NOLOGO kernel32.lib user32.lib gdi32.lib winspool.lib comdlg32.lib advapi32.lib shell32.lib ole32.lib oleaut32.lib uuid.lib odbc32.lib odbccp32.lib /MANIFEST /ManifestFile:"Debug\ndim.exe.intermediate.manifest" /MANIFESTUAC:"level='asInvoker' uiAccess='false'" /DEBUG /PDB:"D:\Users\aheusel\Projects\ndim\Debug\ndim.pdb" /SUBSYSTEM:CONSOLE /TLBID:1 /DYNAMICBASE /NXCOMPAT /IMPLIB:"D:\Users\aheusel\Projects\ndim\Debug\ndim.lib" /MACHINE:X86 Debug\ndim.exe.embed.manifest.res
         Debug\ndim.obj
         Debug\stdafx.obj
       Manifest:
         C:\Program Files (x86)\Microsoft SDKs\Windows\v7.0A\bin\mt.exe /nologo /verbose /out:"Debug\ndim.exe.embed.manifest" /manifest Debug\ndim.exe.intermediate.manifest
         C:\Program Files (x86)\Microsoft SDKs\Windows\v7.0A\bin\rc.exe /nologo /fo"Debug\ndim.exe.embed.manifest.res" Debug\ndim_manifest.rc 
       LinkEmbedManifest:
         C:\Program Files (x86)\Microsoft Visual Studio 10.0\VC\bin\link.exe /ERRORREPORT:PROMPT /OUT:"D:\Users\aheusel\Projects\ndim\Debug\ndim.exe" /INCREMENTAL /NOLOGO kernel32.lib user32.lib gdi32.lib winspool.lib comdlg32.lib advapi32.lib shell32.lib ole32.lib oleaut32.lib uuid.lib odbc32.lib odbccp32.lib /MANIFEST /ManifestFile:"Debug\ndim.exe.intermediate.manifest" /MANIFESTUAC:"level='asInvoker' uiAccess='false'" /DEBUG /PDB:"D:\Users\aheusel\Projects\ndim\Debug\ndim.pdb" /SUBSYSTEM:CONSOLE /TLBID:1 /DYNAMICBASE /NXCOMPAT /IMPLIB:"D:\Users\aheusel\Projects\ndim\Debug\ndim.lib" /MACHINE:X86 Debug\ndim.exe.embed.manifest.res
         Debug\ndim.obj
         Debug\stdafx.obj
         ndim.vcxproj -> D:\Users\aheusel\Projects\ndim\Debug\ndim.exe
       FinalizeBuildStatus:
         Die Datei "Debug\ndim.unsuccessfulbuild" wird gelöscht.
         Aktualisieren des Timestamps von "Debug\ndim.lastbuildstate".
     1>Die Erstellung des Projekts "D:\Users\aheusel\Projects\ndim\ndim\ndim.vcxproj" ist abgeschlossen, build Ziel(e).

Das Erstellen war erfolgreich.

Verstrichene Zeit 00:00:02.25
